<?xml version="1.0" encoding="UTF-8"?>
<!-- Generated by org.testng.reporters.JUnitReportReporter -->
<testsuite hostname="QUASPC1201" failures="0" tests="23" name="qa.mobile.Setting" time="247.924" errors="1" timestamp="2022-01-13T09:51:14 IST" skipped="0">
  <testcase classname="qa.mobile.Setting" name="Click" time="3.478">
    <error message="An element could not be located on the page using the given search parameters. (WARNING: The server did not provide any stacktrace information)
Command duration or timeout: 0 milliseconds
For documentation on this error, please visit: https://www.seleniumhq.org/exceptions/no_such_element.html
Build info: version: &#039;3.141.59&#039;, revision: &#039;e82be7d358&#039;, time: &#039;2018-11-14T08:17:03&#039;
System info: host: &#039;QUASPC1201&#039;, ip: &#039;192.168.1.201&#039;, os.name: &#039;Windows 10&#039;, os.arch: &#039;amd64&#039;, os.version: &#039;10.0&#039;, java.version: &#039;16.0.1&#039;
Driver info: io.appium.java_client.AppiumDriver
Capabilities {app: C:\Users\kishan.j\eclipse-w..., appActivity: com.igisqpadss.mobile.activ..., appPackage: com.IGiS.QPadSS, appWaitActivity: com.igisqpadss.mobile.activ..., appWaitPackage: com.IGiS.QPadSS, automationName: appium-uiautomator5-server-..., databaseEnabled: false, desired: {app: C:\Users\kishan.j\eclipse-w..., automationName: appium-uiautomator5-server-..., deviceName: Pixel XL API 28, newCommandTimeout: 180000, platformName: Android, platformVersion: 9, udid: emulator-5554}, deviceManufacturer: Google, deviceModel: AOSP on IA Emulator, deviceName: emulator-5554, deviceScreenSize: 1080x1920, deviceUDID: emulator-5554, javascriptEnabled: true, locationContextEnabled: false, networkConnectionEnabled: true, newCommandTimeout: 180000, platform: LINUX, platformName: Android, platformVersion: 9, takesScreenshot: true, udid: emulator-5554, warnings: {}, webStorageEnabled: false}
Session ID: 0639988c-e952-4e55-9373-6a6a2b03a32e
*** Element info: {Using=id, value=com.IGiS.QPadSS:id/imageView2}" type="org.openqa.selenium.NoSuchElementException">
      <![CDATA[org.openqa.selenium.NoSuchElementException: An element could not be located on the page using the given search parameters. (WARNING: The server did not provide any stacktrace information)
Command duration or timeout: 0 milliseconds
For documentation on this error, please visit: https://www.seleniumhq.org/exceptions/no_such_element.html
Build info: version: '3.141.59', revision: 'e82be7d358', time: '2018-11-14T08:17:03'
System info: host: 'QUASPC1201', ip: '192.168.1.201', os.name: 'Windows 10', os.arch: 'amd64', os.version: '10.0', java.version: '16.0.1'
Driver info: io.appium.java_client.AppiumDriver
Capabilities {app: C:\Users\kishan.j\eclipse-w..., appActivity: com.igisqpadss.mobile.activ..., appPackage: com.IGiS.QPadSS, appWaitActivity: com.igisqpadss.mobile.activ..., appWaitPackage: com.IGiS.QPadSS, automationName: appium-uiautomator5-server-..., databaseEnabled: false, desired: {app: C:\Users\kishan.j\eclipse-w..., automationName: appium-uiautomator5-server-..., deviceName: Pixel XL API 28, newCommandTimeout: 180000, platformName: Android, platformVersion: 9, udid: emulator-5554}, deviceManufacturer: Google, deviceModel: AOSP on IA Emulator, deviceName: emulator-5554, deviceScreenSize: 1080x1920, deviceUDID: emulator-5554, javascriptEnabled: true, locationContextEnabled: false, networkConnectionEnabled: true, newCommandTimeout: 180000, platform: LINUX, platformName: Android, platformVersion: 9, takesScreenshot: true, udid: emulator-5554, warnings: {}, webStorageEnabled: false}
Session ID: 0639988c-e952-4e55-9373-6a6a2b03a32e
*** Element info: {Using=id, value=com.IGiS.QPadSS:id/imageView2}
at java.base/jdk.internal.reflect.NativeConstructorAccessorImpl.newInstance0(Native Method)
at java.base/jdk.internal.reflect.NativeConstructorAccessorImpl.newInstance(NativeConstructorAccessorImpl.java:78)
at java.base/jdk.internal.reflect.DelegatingConstructorAccessorImpl.newInstance(DelegatingConstructorAccessorImpl.java:45)
at java.base/java.lang.reflect.Constructor.newInstanceWithCaller(Constructor.java:499)
at java.base/java.lang.reflect.Constructor.newInstance(Constructor.java:480)
at org.openqa.selenium.remote.ErrorHandler.createThrowable(ErrorHandler.java:214)
at org.openqa.selenium.remote.ErrorHandler.throwIfResponseFailed(ErrorHandler.java:166)
at org.openqa.selenium.remote.http.JsonHttpResponseCodec.reconstructValue(JsonHttpResponseCodec.java:40)
at org.openqa.selenium.remote.http.AbstractHttpResponseCodec.decode(AbstractHttpResponseCodec.java:80)
at org.openqa.selenium.remote.http.AbstractHttpResponseCodec.decode(AbstractHttpResponseCodec.java:44)
at org.openqa.selenium.remote.HttpCommandExecutor.execute(HttpCommandExecutor.java:158)
at io.appium.java_client.remote.AppiumCommandExecutor.execute(AppiumCommandExecutor.java:250)
at org.openqa.selenium.remote.RemoteWebDriver.execute(RemoteWebDriver.java:552)
at io.appium.java_client.DefaultGenericMobileDriver.execute(DefaultGenericMobileDriver.java:41)
at io.appium.java_client.AppiumDriver.execute(AppiumDriver.java:1)
at org.openqa.selenium.remote.RemoteWebDriver.findElement(RemoteWebDriver.java:323)
at io.appium.java_client.DefaultGenericMobileDriver.findElement(DefaultGenericMobileDriver.java:61)
at io.appium.java_client.AppiumDriver.findElement(AppiumDriver.java:1)
at org.openqa.selenium.remote.RemoteWebDriver.findElementById(RemoteWebDriver.java:372)
at io.appium.java_client.DefaultGenericMobileDriver.findElementById(DefaultGenericMobileDriver.java:69)
at io.appium.java_client.AppiumDriver.findElementById(AppiumDriver.java:1)
at org.openqa.selenium.By$ById.findElement(By.java:188)
at org.openqa.selenium.remote.RemoteWebDriver.findElement(RemoteWebDriver.java:315)
at io.appium.java_client.DefaultGenericMobileDriver.findElement(DefaultGenericMobileDriver.java:57)
at io.appium.java_client.AppiumDriver.findElement(AppiumDriver.java:1)
at qa.mobile.Setting.Click(Setting.java:68)
at java.base/jdk.internal.reflect.NativeMethodAccessorImpl.invoke0(Native Method)
at java.base/jdk.internal.reflect.NativeMethodAccessorImpl.invoke(NativeMethodAccessorImpl.java:78)
at java.base/jdk.internal.reflect.DelegatingMethodAccessorImpl.invoke(DelegatingMethodAccessorImpl.java:43)
at java.base/java.lang.reflect.Method.invoke(Method.java:567)
at org.testng.internal.MethodInvocationHelper.invokeMethod(MethodInvocationHelper.java:133)
at org.testng.internal.TestInvoker.invokeMethod(TestInvoker.java:598)
at org.testng.internal.TestInvoker.invokeTestMethod(TestInvoker.java:173)
at org.testng.internal.MethodRunner.runInSequence(MethodRunner.java:46)
at org.testng.internal.TestInvoker$MethodInvocationAgent.invoke(TestInvoker.java:824)
at org.testng.internal.TestInvoker.invokeTestMethods(TestInvoker.java:146)
at org.testng.internal.TestMethodWorker.invokeTestMethods(TestMethodWorker.java:146)
at org.testng.internal.TestMethodWorker.run(TestMethodWorker.java:128)
at java.base/java.util.ArrayList.forEach(ArrayList.java:1511)
at org.testng.TestRunner.privateRun(TestRunner.java:794)
at org.testng.TestRunner.run(TestRunner.java:596)
at org.testng.SuiteRunner.runTest(SuiteRunner.java:377)
at org.testng.SuiteRunner.runSequentially(SuiteRunner.java:371)
at org.testng.SuiteRunner.privateRun(SuiteRunner.java:332)
at org.testng.SuiteRunner.run(SuiteRunner.java:276)
at org.testng.SuiteRunnerWorker.runSuite(SuiteRunnerWorker.java:53)
at org.testng.SuiteRunnerWorker.run(SuiteRunnerWorker.java:96)
at org.testng.TestNG.runSuitesSequentially(TestNG.java:1212)
at org.testng.TestNG.runSuitesLocally(TestNG.java:1134)
at org.testng.TestNG.runSuites(TestNG.java:1063)
at org.testng.TestNG.run(TestNG.java:1031)
at org.testng.remote.AbstractRemoteTestNG.run(AbstractRemoteTestNG.java:115)
at org.testng.remote.RemoteTestNG.initAndRun(RemoteTestNG.java:251)
at org.testng.remote.RemoteTestNG.main(RemoteTestNG.java:77)
]]>
    </error>
  </testcase> <!-- Click -->
  <system-out/>
  <testcase classname="qa.mobile.Setting" name="Allow" time="5.675"/>
  <system-out/>
  <testcase classname="qa.mobile.Setting" name="Username" time="25.829"/>
  <system-out/>
  <testcase classname="qa.mobile.Setting" name="SignIn" time="25.718"/>
  <system-out/>
  <testcase classname="qa.mobile.Setting" name="Home" time="12.261"/>
  <system-out/>
  <testcase classname="qa.mobile.Setting" name="Project" time="24.750"/>
  <system-out/>
  <testcase classname="qa.mobile.Setting" name="Visiblitiy1" time="22.280"/>
  <system-out/>
  <testcase classname="qa.mobile.Setting" name="SettingMenu180" time="50.059"/>
  <system-out/>
  <testcase classname="qa.mobile.Setting" name="tapByCoordinates" time="2.439"/>
  <system-out/>
  <testcase classname="qa.mobile.Setting" name="OkBtn" time="5.433"/>
  <system-out/>
  <testcase classname="qa.mobile.Setting" name="CnclBtn" time="5.481"/>
  <system-out/>
  <testcase classname="qa.mobile.Setting" name="Stock" time="6.606"/>
  <system-out/>
  <testcase classname="qa.mobile.Setting" name="Widhth" time="14.353"/>
  <system-out/>
  <testcase classname="qa.mobile.Setting" name="TextChkBox" time="2.187"/>
  <system-out/>
  <testcase classname="qa.mobile.Setting" name="IdDrpdwn" time="4.598"/>
  <system-out/>
  <testcase classname="qa.mobile.Setting" name="IDValue" time="2.182"/>
  <system-out/>
  <testcase classname="qa.mobile.Setting" name="SizeDrpDwn" time="7.340"/>
  <system-out/>
  <testcase classname="qa.mobile.Setting" name="SizeValue" time="2.149"/>
  <system-out/>
  <testcase classname="qa.mobile.Setting" name="AlignmentDrpDqn" time="4.584"/>
  <system-out/>
  <testcase classname="qa.mobile.Setting" name="AlignmentValue" time="4.186"/>
  <system-out/>
  <testcase classname="qa.mobile.Setting" name="TextClr" time="6.898"/>
  <system-out/>
  <testcase classname="qa.mobile.Setting" name="Section" time="4.287"/>
  <system-out/>
  <testcase classname="qa.mobile.Setting" name="OkBtn1" time="5.151"/>
  <system-out/>
</testsuite> <!-- qa.mobile.Setting -->
